<?xml version="1.0" encoding="UTF-8"?>
<!-- Generated by org.testng.reporters.JUnitReportReporter -->
<testsuite skipped="0" hostname="user-PC" name="com.TestCases.Tc01_GetPlaceDetails_GogleMaps" tests="1" failures="0" timestamp="17 Mar 2019 06:27:27 GMT" time="4.612" errors="0">
  <testcase name="getPlaceDetails" time="4.612" classname="com.TestCases.Tc01_GetPlaceDetails_GogleMaps"/>
</testsuite> <!-- com.TestCases.Tc01_GetPlaceDetails_GogleMaps -->
